This is pdfTeX, Version 3.141592653-2.6-1.40.25 (MiKTeX 24.1) (preloaded format=pdflatex 2025.1.31)  31 JAN 2025 12:43
entering extended mode
 restricted \write18 enabled.
 %&-line parsing enabled.
**./TFGTeXiS.tex
(TFGTeXiS.tex
LaTeX2e <2023-11-01> patch level 1
L3 programming layer <2024-01-04>
(C:\Users\franc\AppData\Local\Programs\MiKTeX\tex/latex/base\book.cls
Document Class: book 2023/05/17 v1.4n Standard LaTeX document class
(C:\Users\franc\AppData\Local\Programs\MiKTeX\tex/latex/base\bk12.clo
File: bk12.clo 2023/05/17 v1.4n Standard LaTeX file (size option)
)
\c@part=\count187
\c@chapter=\count188
\c@section=\count189
\c@subsection=\count190
\c@subsubsection=\count191
\c@paragraph=\count192
\c@subparagraph=\count193
\c@figure=\count194
\c@table=\count195
\abovecaptionskip=\skip48
\belowcaptionskip=\skip49
\bibindent=\dimen140
)

LaTeX Warning: \include should only be used after \begin{document} on input lin
e 75.

(config.tex) (TeXiS/TeXiS.sty
Package: TeXiS/TeXiS 

(C:\Users\franc\AppData\Local\Programs\MiKTeX\tex/latex/tools\verbatim.sty
Package: verbatim 2023-11-06 v1.5v LaTeX2e package for verbatim enhancements
\every@verbatim=\toks17
\verbatim@line=\toks18
\verbatim@in@stream=\read2
)
\example@out=\write3


LaTeX Warning: \include should only be used after \begin{document} on input lin
e 460.

(TeXiS/TeXiS_pream.tex
(C:\Users\franc\AppData\Local\Programs\MiKTeX\tex/latex/base\shortvrb.sty
Package: shortvrb 2022/11/13 v3.0m Standard LaTeX documentation package V3 (FMi
)
)
(C:\Users\franc\AppData\Local\Programs\MiKTeX\tex/latex/base\inputenc.sty
Package: inputenc 2021/02/14 v1.3d Input encoding file
\inpenc@prehook=\toks19
\inpenc@posthook=\toks20
)
(C:\Users\franc\AppData\Local\Programs\MiKTeX\tex/latex/natbib\natbib.sty
Package: natbib 2010/09/13 8.31b (PWD, AO)
\bibhang=\skip50
\bibsep=\skip51
LaTeX Info: Redefining \cite on input line 694.
\c@NAT@ctr=\count196
)
(C:\Users\franc\AppData\Local\Programs\MiKTeX\tex/generic/babel\babel.sty
Package: babel 2024/01/07 v24.1 The Babel package
\babel@savecnt=\count197
\U@D=\dimen141
\l@unhyphenated=\language79

(C:\Users\franc\AppData\Local\Programs\MiKTeX\tex/generic/babel\txtbabel.def)
\bbl@readstream=\read3
\bbl@dirlevel=\count198

*************************************
* Local config file bblopts.cfg used
*
(C:\Users\franc\AppData\Local\Programs\MiKTeX\tex/latex/arabi\bblopts.cfg
File: bblopts.cfg 2005/09/08 v0.1 add Arabic and Farsi to "declared" options of
 babel
)
(C:\Users\franc\AppData\Local\Programs\MiKTeX\tex/latex/babel-english\english.l
df
Language: english 2017/06/06 v3.3r English support from the babel system
Package babel Info: Hyphen rules for 'canadian' set to \l@english
(babel)             (\language0). Reported on input line 102.
Package babel Info: Hyphen rules for 'australian' set to \l@ukenglish
(babel)             (\language73). Reported on input line 105.
Package babel Info: Hyphen rules for 'newzealand' set to \l@ukenglish
(babel)             (\language73). Reported on input line 108.
)
(C:\Users\franc\AppData\Local\Programs\MiKTeX\tex/latex/babel-spanish\spanish.l
df
Language: spanish.ldf 2021/05/27 v5.0q Spanish support from the babel system
\es@quottoks=\toks21
\es@quotdepth=\count199
Package babel Info: Making " an active character on input line 570.
Package babel Info: Making . an active character on input line 675.
Package babel Info: Making < an active character on input line 722.
Package babel Info: Making > an active character on input line 722.
Package babel Info: Making ' an active character on input line 740.
))
(C:\Users\franc\AppData\Local\Programs\MiKTeX\tex/generic/babel/locale/es\babel
-spanish.tex
Package babel Info: Importing font and identification data for spanish
(babel)             from babel-es.ini. Reported on input line 11.
)
(C:\Users\franc\AppData\Local\Programs\MiKTeX\tex/generic/babel/locale/en\babel
-english.tex
Package babel Info: Importing font and identification data for english
(babel)             from babel-en.ini. Reported on input line 11.
)
(C:\Users\franc\AppData\Local\Programs\MiKTeX\tex/latex/url\url.sty
\Urlmuskip=\muskip16
Package: url 2013/09/16  ver 3.4  Verb mode for urls, etc.
)
(C:\Users\franc\AppData\Local\Programs\MiKTeX\tex/generic/iftex\ifpdf.sty
Package: ifpdf 2019/10/25 v3.4 ifpdf legacy package. Use iftex instead.

(C:\Users\franc\AppData\Local\Programs\MiKTeX\tex/generic/iftex\iftex.sty
Package: iftex 2022/02/03 v1.0f TeX engine tests
))
(C:\Users\franc\AppData\Local\Programs\MiKTeX\tex/latex/fncychap\fncychap.sty
Package: fncychap 2007/07/30 v1.34 LaTeX package (Revised chapters)
\RW=\skip52
\mylen=\skip53
\myhi=\skip54
\px=\skip55
\py=\skip56
\pyy=\skip57
\pxx=\skip58
)
(C:\Users\franc\AppData\Local\Programs\MiKTeX\tex/latex/hyperref\hyperref.sty
Package: hyperref 2023-11-26 v7.01g Hypertext links for LaTeX

(C:\Users\franc\AppData\Local\Programs\MiKTeX\tex/generic/infwarerr\infwarerr.s
ty
Package: infwarerr 2019/12/03 v1.5 Providing info/warning/error messages (HO)
) (C:\Users\franc\AppData\Local\Programs\MiKTeX\tex/latex/graphics\keyval.sty
Package: keyval 2022/05/29 v1.15 key=value parser (DPC)
\KV@toks@=\toks22
)
(C:\Users\franc\AppData\Local\Programs\MiKTeX\tex/latex/kvsetkeys\kvsetkeys.sty
Package: kvsetkeys 2022-10-05 v1.19 Key value parser (HO)
)
(C:\Users\franc\AppData\Local\Programs\MiKTeX\tex/generic/kvdefinekeys\kvdefine
keys.sty
Package: kvdefinekeys 2019-12-19 v1.6 Define keys (HO)
)
(C:\Users\franc\AppData\Local\Programs\MiKTeX\tex/generic/pdfescape\pdfescape.s
ty
Package: pdfescape 2019/12/09 v1.15 Implements pdfTeX's escape features (HO)

(C:\Users\franc\AppData\Local\Programs\MiKTeX\tex/generic/ltxcmds\ltxcmds.sty
Package: ltxcmds 2023-12-04 v1.26 LaTeX kernel commands for general use (HO)
)
(C:\Users\franc\AppData\Local\Programs\MiKTeX\tex/generic/pdftexcmds\pdftexcmds
.sty
Package: pdftexcmds 2020-06-27 v0.33 Utility functions of pdfTeX for LuaTeX (HO
)
Package pdftexcmds Info: \pdf@primitive is available.
Package pdftexcmds Info: \pdf@ifprimitive is available.
Package pdftexcmds Info: \pdfdraftmode found.
))
(C:\Users\franc\AppData\Local\Programs\MiKTeX\tex/latex/hycolor\hycolor.sty
Package: hycolor 2020-01-27 v1.10 Color options for hyperref/bookmark (HO)
)
(C:\Users\franc\AppData\Local\Programs\MiKTeX\tex/latex/letltxmacro\letltxmacro
.sty
Package: letltxmacro 2019/12/03 v1.6 Let assignment for LaTeX macros (HO)
)
(C:\Users\franc\AppData\Local\Programs\MiKTeX\tex/latex/auxhook\auxhook.sty
Package: auxhook 2019-12-17 v1.6 Hooks for auxiliary files (HO)
)
(C:\Users\franc\AppData\Local\Programs\MiKTeX\tex/latex/hyperref\nameref.sty
Package: nameref 2023-11-26 v2.56 Cross-referencing by name of section

(C:\Users\franc\AppData\Local\Programs\MiKTeX\tex/latex/refcount\refcount.sty
Package: refcount 2019/12/15 v3.6 Data extraction from label references (HO)
)
(C:\Users\franc\AppData\Local\Programs\MiKTeX\tex/generic/gettitlestring\gettit
lestring.sty
Package: gettitlestring 2019/12/15 v1.6 Cleanup title references (HO)

(C:\Users\franc\AppData\Local\Programs\MiKTeX\tex/latex/kvoptions\kvoptions.sty
Package: kvoptions 2022-06-15 v3.15 Key value format for package options (HO)
))
\c@section@level=\count266
)
(C:\Users\franc\AppData\Local\Programs\MiKTeX\tex/latex/etoolbox\etoolbox.sty
Package: etoolbox 2020/10/05 v2.5k e-TeX tools for LaTeX (JAW)
\etb@tempcnta=\count267
)
\@linkdim=\dimen142
\Hy@linkcounter=\count268
\Hy@pagecounter=\count269

(C:\Users\franc\AppData\Local\Programs\MiKTeX\tex/latex/hyperref\pd1enc.def
File: pd1enc.def 2023-11-26 v7.01g Hyperref: PDFDocEncoding definition (HO)
Now handling font encoding PD1 ...
... no UTF-8 mapping file for font encoding PD1
)
(C:\Users\franc\AppData\Local\Programs\MiKTeX\tex/generic/intcalc\intcalc.sty
Package: intcalc 2019/12/15 v1.3 Expandable calculations with integers (HO)
)
\Hy@SavedSpaceFactor=\count270

(C:\Users\franc\AppData\Local\Programs\MiKTeX\tex/latex/hyperref\puenc.def
File: puenc.def 2023-11-26 v7.01g Hyperref: PDF Unicode definition (HO)
Now handling font encoding PU ...
... no UTF-8 mapping file for font encoding PU
)

Package hyperref Warning: Invalid value `0'
(hyperref)                for option `pdfborder'.
(hyperref)                Option setting is ignored on input line 4064.

Package hyperref Info: Option `hyperindex' set `true' on input line 4064.
Package hyperref Info: Option `pdfpagelabels' set `true' on input line 4064.
Package hyperref Info: Option `hypertexnames' set `false' on input line 4064.
Package hyperref Info: Hyper figures OFF on input line 4181.
Package hyperref Info: Link nesting OFF on input line 4186.
Package hyperref Info: Hyper index ON on input line 4189.
Package hyperref Info: Plain pages OFF on input line 4196.
Package hyperref Info: Backreferencing OFF on input line 4201.
Package hyperref Info: Implicit mode ON; LaTeX internals redefined.
Package hyperref Info: Bookmarks ON on input line 4448.
\c@Hy@tempcnt=\count271
LaTeX Info: Redefining \url on input line 4786.
\XeTeXLinkMargin=\dimen143
(C:\Users\franc\AppData\Local\Programs\MiKTeX\tex/generic/bitset\bitset.sty
Package: bitset 2019/12/09 v1.3 Handle bit-vector datatype (HO)

(C:\Users\franc\AppData\Local\Programs\MiKTeX\tex/generic/bigintcalc\bigintcalc
.sty
Package: bigintcalc 2019/12/15 v1.5 Expandable calculations on big integers (HO
)
))
\Fld@menulength=\count272
\Field@Width=\dimen144
\Fld@charsize=\dimen145
Package hyperref Info: Hyper figures OFF on input line 6065.
Package hyperref Info: Link nesting OFF on input line 6070.
Package hyperref Info: Hyper index ON on input line 6073.
Package hyperref Info: backreferencing OFF on input line 6080.
Package hyperref Info: Link coloring OFF on input line 6085.
Package hyperref Info: Link coloring with OCG OFF on input line 6090.
Package hyperref Info: PDF/A mode OFF on input line 6095.

(C:\Users\franc\AppData\Local\Programs\MiKTeX\tex/latex/base\atbegshi-ltx.sty
Package: atbegshi-ltx 2021/01/10 v1.0c Emulation of the original atbegshi
package with kernel methods
)
\Hy@abspage=\count273
\c@Item=\count274
\c@Hfootnote=\count275
)
Package hyperref Info: Driver (autodetected): hpdftex.
(C:\Users\franc\AppData\Local\Programs\MiKTeX\tex/latex/hyperref\hpdftex.def
File: hpdftex.def 2023-11-26 v7.01g Hyperref driver for pdfTeX

(C:\Users\franc\AppData\Local\Programs\MiKTeX\tex/latex/base\atveryend-ltx.sty
Package: atveryend-ltx 2020/08/19 v1.0a Emulation of the original atveryend pac
kage
with kernel methods
)
\Fld@listcount=\count276
\c@bookmark@seq@number=\count277

(C:\Users\franc\AppData\Local\Programs\MiKTeX\tex/latex/rerunfilecheck\rerunfil
echeck.sty
Package: rerunfilecheck 2022-07-10 v1.10 Rerun checks for auxiliary files (HO)

(C:\Users\franc\AppData\Local\Programs\MiKTeX\tex/generic/uniquecounter\uniquec
ounter.sty
Package: uniquecounter 2019/12/15 v1.4 Provide unlimited unique counter (HO)
)
Package uniquecounter Info: New unique counter `rerunfilecheck' on input line 2
85.
)
\Hy@SectionHShift=\skip59
)
Package hyperref Info: Option `colorlinks' set `false' on input line 290.

(C:\Users\franc\AppData\Local\Programs\MiKTeX\tex/latex/base\makeidx.sty
Package: makeidx 2021/10/04 v1.0m Standard LaTeX package
)
(C:\Users\franc\AppData\Local\Programs\MiKTeX\tex/latex/tools\multicol.sty
Package: multicol 2023/03/30 v1.9f multicolumn formatting (FMi)
\c@tracingmulticols=\count278
\mult@box=\box51
\multicol@leftmargin=\dimen146
\c@unbalance=\count279
\c@collectmore=\count280
\doublecol@number=\count281
\multicoltolerance=\count282
\multicolpretolerance=\count283
\full@width=\dimen147
\page@free=\dimen148
\premulticols=\dimen149
\postmulticols=\dimen150
\multicolsep=\skip60
\multicolbaselineskip=\skip61
\partial@page=\box52
\last@line=\box53
\mc@boxedresult=\box54
\maxbalancingoverflow=\dimen151
\mult@rightbox=\box55
\mult@grightbox=\box56
\mult@firstbox=\box57
\mult@gfirstbox=\box58
\@tempa=\box59
\@tempa=\box60
\@tempa=\box61
\@tempa=\box62
\@tempa=\box63
\@tempa=\box64
\@tempa=\box65
\@tempa=\box66
\@tempa=\box67
\@tempa=\box68
\@tempa=\box69
\@tempa=\box70
\@tempa=\box71
\@tempa=\box72
\@tempa=\box73
\@tempa=\box74
\@tempa=\box75
\@tempa=\box76
\@tempa=\box77
\@tempa=\box78
\@tempa=\box79
\@tempa=\box80
\@tempa=\box81
\@tempa=\box82
\@tempa=\box83
\@tempa=\box84
\@tempa=\box85
\@tempa=\box86
\@tempa=\box87
\@tempa=\box88
\@tempa=\box89
\@tempa=\box90
\@tempa=\box91
\@tempa=\box92
\@tempa=\box93
\@tempa=\box94
\c@minrows=\count284
\c@columnbadness=\count285
\c@finalcolumnbadness=\count286
\last@try=\dimen152
\multicolovershoot=\dimen153
\multicolundershoot=\dimen154
\mult@nat@firstbox=\box95
\colbreak@box=\box96
\mc@col@check@num=\count287
)
(C:\Users\franc\AppData\Local\Programs\MiKTeX\tex/latex/subfig\subfig.sty
Package: subfig 2005/06/28 ver: 1.3 subfig package

(C:\Users\franc\AppData\Local\Programs\MiKTeX\tex/latex/caption\caption.sty
Package: caption 2023/08/05 v3.6o Customizing captions (AR)

(C:\Users\franc\AppData\Local\Programs\MiKTeX\tex/latex/caption\caption3.sty
Package: caption3 2023/07/31 v2.4d caption3 kernel (AR)
\caption@tempdima=\dimen155
\captionmargin=\dimen156
\caption@leftmargin=\dimen157
\caption@rightmargin=\dimen158
\caption@width=\dimen159
\caption@indent=\dimen160
\caption@parindent=\dimen161
\caption@hangindent=\dimen162
Package caption Info: Standard document class detected.
)
\c@caption@flags=\count288
\c@continuedfloat=\count289
Package caption Info: hyperref package is loaded.
)
\c@KVtest=\count290
\sf@farskip=\skip62
\sf@captopadj=\dimen163
\sf@capskip=\skip63
\sf@nearskip=\skip64
\c@subfigure=\count291
\c@subfigure@save=\count292
\c@lofdepth=\count293
\c@subtable=\count294
\c@subtable@save=\count295
\c@lotdepth=\count296
\sf@top=\skip65
\sf@bottom=\skip66
)
\sf@box=\box97
(C:\Users\franc\AppData\Local\Programs\MiKTeX\tex/latex/listings\listings.sty
\lst@mode=\count297
\lst@gtempboxa=\box98
\lst@token=\toks23
\lst@length=\count298
\lst@currlwidth=\dimen164
\lst@column=\count299
\lst@pos=\count300
\lst@lostspace=\dimen165
\lst@width=\dimen166
\lst@newlines=\count301
\lst@lineno=\count302
\lst@maxwidth=\dimen167

(C:\Users\franc\AppData\Local\Programs\MiKTeX\tex/latex/listings\lstmisc.sty
File: lstmisc.sty 2023/02/27 1.9 (Carsten Heinz)
\c@lstnumber=\count303
\lst@skipnumbers=\count304
\lst@framebox=\box99
)
(C:\Users\franc\AppData\Local\Programs\MiKTeX\tex/latex/listings\listings.cfg
File: listings.cfg 2023/02/27 1.9 listings configuration
))
Package: listings 2023/02/27 1.9 (Carsten Heinz)
(C:\Users\franc\AppData\Local\Programs\MiKTeX\tex/latex/tools\tabularx.sty
Package: tabularx 2023/07/08 v2.11c `tabularx' package (DPC)

(C:\Users\franc\AppData\Local\Programs\MiKTeX\tex/latex/tools\array.sty
Package: array 2023/10/16 v2.5g Tabular extension package (FMi)
\col@sep=\dimen168
\ar@mcellbox=\box100
\extrarowheight=\dimen169
\NC@list=\toks24
\extratabsurround=\skip67
\backup@length=\skip68
\ar@cellbox=\box101
)
\TX@col@width=\dimen170
\TX@old@table=\dimen171
\TX@old@col=\dimen172
\TX@target=\dimen173
\TX@delta=\dimen174
\TX@cols=\count305
\TX@ftn=\toks25
)
(C:\Users\franc\AppData\Local\Programs\MiKTeX\tex/latex/booktabs\booktabs.sty
Package: booktabs 2020/01/12 v1.61803398 Publication quality tables
\heavyrulewidth=\dimen175
\lightrulewidth=\dimen176
\cmidrulewidth=\dimen177
\belowrulesep=\dimen178
\belowbottomsep=\dimen179
\aboverulesep=\dimen180
\abovetopsep=\dimen181
\cmidrulesep=\dimen182
\cmidrulekern=\dimen183
\defaultaddspace=\dimen184
\@cmidla=\count306
\@cmidlb=\count307
\@aboverulesep=\dimen185
\@belowrulesep=\dimen186
\@thisruleclass=\count308
\@lastruleclass=\count309
\@thisrulewidth=\dimen187
)
(C:\Users\franc\AppData\Local\Programs\MiKTeX\tex/latex/base\fontenc.sty
Package: fontenc 2021/04/29 v2.0v Standard LaTeX package
)
(C:\Users\franc\AppData\Local\Programs\MiKTeX\tex/latex/graphics\epsfig.sty
Package: epsfig 2017/06/25 v1.7b (e)psfig emulation (SPQR)

(C:\Users\franc\AppData\Local\Programs\MiKTeX\tex/latex/graphics\graphicx.sty
Package: graphicx 2021/09/16 v1.2d Enhanced LaTeX Graphics (DPC,SPQR)

(C:\Users\franc\AppData\Local\Programs\MiKTeX\tex/latex/graphics\graphics.sty
Package: graphics 2022/03/10 v1.4e Standard LaTeX Graphics (DPC,SPQR)

(C:\Users\franc\AppData\Local\Programs\MiKTeX\tex/latex/graphics\trig.sty
Package: trig 2021/08/11 v1.11 sin cos tan (DPC)
)
(C:\Users\franc\AppData\Local\Programs\MiKTeX\tex/latex/graphics-cfg\graphics.c
fg
File: graphics.cfg 2016/06/04 v1.11 sample graphics configuration
)
Package graphics Info: Driver file: pdftex.def on input line 107.

(C:\Users\franc\AppData\Local\Programs\MiKTeX\tex/latex/graphics-def\pdftex.def
File: pdftex.def 2022/09/22 v1.2b Graphics/color driver for pdftex
))
\Gin@req@height=\dimen188
\Gin@req@width=\dimen189
)
\epsfxsize=\dimen190
\epsfysize=\dimen191
) (C:\Users\franc\AppData\Local\Programs\MiKTeX\tex/latex/tools\calc.sty
Package: calc 2023/07/08 v4.3 Infix arithmetic (KKT,FJ)
\calc@Acount=\count310
\calc@Bcount=\count311
\calc@Adimen=\dimen192
\calc@Bdimen=\dimen193
\calc@Askip=\skip69
\calc@Bskip=\skip70
LaTeX Info: Redefining \setlength on input line 80.
LaTeX Info: Redefining \addtolength on input line 81.
\calc@Ccount=\count312
\calc@Cskip=\skip71
)
(C:\Users\franc\AppData\Local\Programs\MiKTeX\tex/latex/geometry\geometry.sty
Package: geometry 2020/01/02 v5.9 Page Geometry

(C:\Users\franc\AppData\Local\Programs\MiKTeX\tex/generic/iftex\ifvtex.sty
Package: ifvtex 2019/10/25 v1.7 ifvtex legacy package. Use iftex instead.
)
\Gm@cnth=\count313
\Gm@cntv=\count314
\c@Gm@tempcnt=\count315
\Gm@bindingoffset=\dimen194
\Gm@wd@mp=\dimen195
\Gm@odd@mp=\dimen196
\Gm@even@mp=\dimen197
\Gm@layoutwidth=\dimen198
\Gm@layoutheight=\dimen199
\Gm@layouthoffset=\dimen256
\Gm@layoutvoffset=\dimen257
\Gm@dimlist=\toks26

(C:\Users\franc\AppData\Local\Programs\MiKTeX\tex/latex/geometry\geometry.cfg))
(C:\Users\franc\AppData\Local\Programs\MiKTeX\tex/latex/colortbl\colortbl.sty
Package: colortbl 2024/07/06 v1.0i Color table columns (DPC)

(C:\Users\franc\AppData\Local\Programs\MiKTeX\tex/latex/graphics\color.sty
Package: color 2022/01/06 v1.3d Standard LaTeX Color (DPC)

(C:\Users\franc\AppData\Local\Programs\MiKTeX\tex/latex/graphics-cfg\color.cfg
File: color.cfg 2016/01/02 v1.6 sample color configuration
)
Package color Info: Driver file: pdftex.def on input line 149.
(C:\Users\franc\AppData\Local\Programs\MiKTeX\tex/latex/graphics\mathcolor.ltx)
)
\everycr=\toks27
\minrowclearance=\skip72
\rownum=\count316
) (C:\Users\franc\AppData\Local\Programs\MiKTeX\tex/latex/xcolor\xcolor.sty
Package: xcolor 2023/11/15 v3.01 LaTeX color extensions (UK)

(C:\Users\franc\AppData\Local\Programs\MiKTeX\tex/latex/graphics-cfg\color.cfg
File: color.cfg 2016/01/02 v1.6 sample color configuration
)
Package xcolor Info: Driver file: pdftex.def on input line 274.
LaTeX Info: Redefining \color on input line 758.
(C:\Users\franc\AppData\Local\Programs\MiKTeX\tex/latex/graphics\mathcolor.ltx)
Package xcolor Info: Model `cmy' substituted by `cmy0' on input line 1350.
Package xcolor Info: Model `hsb' substituted by `rgb' on input line 1354.
Package xcolor Info: Model `RGB' extended on input line 1366.
Package xcolor Info: Model `HTML' substituted by `rgb' on input line 1368.
Package xcolor Info: Model `Hsb' substituted by `hsb' on input line 1369.
Package xcolor Info: Model `tHsb' substituted by `hsb' on input line 1370.
Package xcolor Info: Model `HSB' substituted by `hsb' on input line 1371.
Package xcolor Info: Model `Gray' substituted by `gray' on input line 1372.
Package xcolor Info: Model `wave' substituted by `hsb' on input line 1373.
) (C:\Users\franc\AppData\Local\Programs\MiKTeX\tex/latex/titlesec\titlesec.sty
Package: titlesec 2025/01/04 v2.17 Sectioning titles
\ttl@box=\box102
\beforetitleunit=\skip73
\aftertitleunit=\skip74
\ttl@plus=\dimen258
\ttl@minus=\dimen259
\ttl@toksa=\toks28
\titlewidth=\dimen260
\titlewidthlast=\dimen261
\titlewidthfirst=\dimen262
) (C:\Users\franc\AppData\Local\Programs\MiKTeX\tex/latex/csquotes\csquotes.sty
Package: csquotes 2024-04-04 v5.2o context-sensitive quotations (JAW)
\csq@reset=\count317
\csq@gtype=\count318
\csq@glevel=\count319
\csq@qlevel=\count320
\csq@maxlvl=\count321
\csq@tshold=\count322
\csq@ltx@everypar=\toks29
(C:\Users\franc\AppData\Local\Programs\MiKTeX\tex/latex/csquotes\csquotes.def
File: csquotes.def 2024-04-04 v5.2o csquotes generic definitions (JAW)
)
Package csquotes Info: Trying to load configuration file 'csquotes.cfg'...
Package csquotes Info: ... configuration file loaded successfully.

(C:\Users\franc\AppData\Local\Programs\MiKTeX\tex/latex/csquotes\csquotes.cfg
File: csquotes.cfg 
)) (C:\Users\franc\AppData\Local\Programs\MiKTeX\tex/latex/pdfpages\pdfpages.st
y
Package: pdfpages 2024/10/28 v0.6c Insert pages of external PDF documents (AM)

(C:\Users\franc\AppData\Local\Programs\MiKTeX\tex/latex/base\ifthen.sty
Package: ifthen 2022/04/13 v1.1d Standard LaTeX ifthen package (DPC)
)
(C:\Users\franc\AppData\Local\Programs\MiKTeX\tex/latex/eso-pic\eso-pic.sty
Package: eso-pic 2023/05/03 v3.0c eso-pic (RN)
\ESO@tempdima=\dimen263
\ESO@tempdimb=\dimen264
)
\AM@pagewidth=\dimen265
\AM@pageheight=\dimen266
\AM@fboxrule=\dimen267

(C:\Users\franc\AppData\Local\Programs\MiKTeX\tex/latex/pdfpages\pppdftex.def
File: pppdftex.def 2024/10/28 v0.6c Pdfpages driver for pdfTeX (AM)
)
\pdfpages@includegraphics@status=\count323
\AM@pagebox=\box103
\AM@global@opts=\toks30
\AM@pagecnt=\count324
\AM@toc@title=\toks31
\AM@lof@heading=\toks32
\c@AM@survey=\count325
\AM@templatesizebox=\box104
))

LaTeX Warning: \include should only be used after \begin{document} on input lin
e 464.

(TeXiS/TeXiS_cab.tex
(C:\Users\franc\AppData\Local\Programs\MiKTeX\tex/latex/fancyhdr\fancyhdr.sty
Package: fancyhdr 2025/01/07 v5.1.1 Extensive control of page headers and foote
rs
\f@nch@headwidth=\skip75
\f@nch@offset@elh=\skip76
\f@nch@offset@erh=\skip77
\f@nch@offset@olh=\skip78
\f@nch@offset@orh=\skip79
\f@nch@offset@elf=\skip80
\f@nch@offset@erf=\skip81
\f@nch@offset@olf=\skip82
\f@nch@offset@orf=\skip83
\f@nch@height=\skip84
\f@nch@footalignment=\skip85
\f@nch@widthL=\skip86
\f@nch@widthC=\skip87
\f@nch@widthR=\skip88
\@temptokenb=\toks33
))

LaTeX Warning: \include should only be used after \begin{document} on input lin
e 467.

(TeXiS/TeXiS_cover.tex)

LaTeX Warning: \include should only be used after \begin{document} on input lin
e 470.

(TeXiS/TeXiS_dedic.tex)

LaTeX Warning: \include should only be used after \begin{document} on input lin
e 473.

(TeXiS/TeXiS_bib.tex))

LaTeX Warning: \include should only be used after \begin{document} on input lin
e 81.

(constantes.tex)
Package csquotes Info: Checking for multilingual support...
Package csquotes Info: ... found 'babel' package.
Package csquotes Info: Adjusting default style.
Package csquotes Info: Redefining alias 'default' -> 'spanish'.

(C:\Users\franc\AppData\Local\Programs\MiKTeX\tex/latex/l3backend\l3backend-pdf
tex.def
File: l3backend-pdftex.def 2024-01-04 L3 backend support: PDF output (pdfTeX)
\l__color_backend_stack_int=\count326
\l__pdf_internal_box=\box105
) (TFGTeXiS.aux (Cascaras/cover.aux)
LaTeX Info: Redefining \. on input line 13.
LaTeX Info: Redefining \% on input line 13.
 (Cascaras/dedicatoria.aux)
(Cascaras/agradecimientos.aux) (Cascaras/resumen.aux) (Cascaras/abstract.aux)
LaTeX Info: Redefining \. on input line 19.
LaTeX Info: Redefining \% on input line 19.

(Capitulos/Introduccion.aux) (Capitulos/EstadoDeLaCuestion.aux)
(Capitulos/DescripcionTrabajo.aux) (Capitulos/ConclusionesTrabajoFuturo.aux)
(Capitulos/Introduction.aux) (Capitulos/ConclusionsFutureWork.aux)
(Capitulos/ContribucionesPersonales.aux)
LaTeX Info: Redefining \. on input line 28.
LaTeX Info: Redefining \% on input line 28.
 (Cascaras/bibliografia.aux)
(Apendices/appendixA.aux) (Apendices/appendixB.aux) (Cascaras/fin.aux))
\openout1 = `TFGTeXiS.aux'.

LaTeX Font Info:    Checking defaults for OML/cmm/m/it on input line 105.
LaTeX Font Info:    ... okay on input line 105.
LaTeX Font Info:    Checking defaults for OMS/cmsy/m/n on input line 105.
LaTeX Font Info:    ... okay on input line 105.
LaTeX Font Info:    Checking defaults for OT1/cmr/m/n on input line 105.
LaTeX Font Info:    ... okay on input line 105.
LaTeX Font Info:    Checking defaults for T1/cmr/m/n on input line 105.
LaTeX Font Info:    ... okay on input line 105.
LaTeX Font Info:    Checking defaults for TS1/cmr/m/n on input line 105.
LaTeX Font Info:    ... okay on input line 105.
LaTeX Font Info:    Checking defaults for OMX/cmex/m/n on input line 105.
LaTeX Font Info:    ... okay on input line 105.
LaTeX Font Info:    Checking defaults for U/cmr/m/n on input line 105.
LaTeX Font Info:    ... okay on input line 105.
LaTeX Font Info:    Checking defaults for PD1/pdf/m/n on input line 105.
LaTeX Font Info:    ... okay on input line 105.
LaTeX Font Info:    Checking defaults for PU/pdf/m/n on input line 105.
LaTeX Font Info:    ... okay on input line 105.
LaTeX Info: Redefining \. on input line 105.
LaTeX Info: Redefining \% on input line 105.
Package hyperref Info: Link coloring OFF on input line 105.

(TFGTeXiS.out) (TFGTeXiS.out)
\@outlinefile=\write4
\openout4 = `TFGTeXiS.out'.

Package caption Info: Begin \AtBeginDocument code.
Package caption Info: subfig package v1.3 is loaded.
Package caption Info: listings package is loaded.
Package caption Info: End \AtBeginDocument code.
\c@lstlisting=\count327

(C:\Users\franc\AppData\Local\Programs\MiKTeX\tex/context/base/mkii\supp-pdf.mk
ii
[Loading MPS to PDF converter (version 2006.09.02).]
\scratchcounter=\count328
\scratchdimen=\dimen268
\scratchbox=\box106
\nofMPsegments=\count329
\nofMParguments=\count330
\everyMPshowfont=\toks34
\MPscratchCnt=\count331
\MPscratchDim=\dimen269
\MPnumerator=\count332
\makeMPintoPDFobject=\count333
\everyMPtoPDFconversion=\toks35
)
(C:\Users\franc\AppData\Local\Programs\MiKTeX\tex/latex/epstopdf-pkg\epstopdf-b
ase.sty
Package: epstopdf-base 2020-01-24 v2.11 Base part for package epstopdf
Package epstopdf-base Info: Redefining graphics rule for `.eps' on input line 4
85.

(C:\Users\franc\AppData\Local\Programs\MiKTeX\tex/latex/00miktex\epstopdf-sys.c
fg
File: epstopdf-sys.cfg 2021/03/18 v2.0 Configuration of epstopdf for MiKTeX
))
*geometry* driver: auto-detecting
*geometry* detected driver: pdftex
*geometry* verbose mode - [ preamble ] result:
* driver: pdftex
* paper: a4paper
* layout: <same size as paper>
* layoutoffset:(h,v)=(0.0pt,0.0pt)
* modes: twoside 
* h-part:(L,W,R)=(85.35826pt, 426.79135pt, 85.35826pt)
* v-part:(T,H,B)=(85.35826pt, 674.33032pt, 85.35826pt)
* \paperwidth=597.50787pt
* \paperheight=845.04684pt
* \textwidth=426.79135pt
* \textheight=674.33032pt
* \oddsidemargin=13.08827pt
* \evensidemargin=13.08827pt
* \topmargin=-18.78552pt
* \headheight=14.0pt
* \headsep=19.8738pt
* \topskip=12.0pt
* \footskip=30.0pt
* \marginparwidth=88.0pt
* \marginparsep=7.0pt
* \columnsep=10.0pt
* \skip\footins=10.8pt plus 4.0pt minus 2.0pt
* \hoffset=0.0pt
* \voffset=0.0pt
* \mag=1000
* \@twocolumnfalse
* \@twosidetrue
* \@mparswitchtrue
* \@reversemarginfalse
* (1in=72.27pt=25.4mm, 1cm=28.453pt)


(C:\Users\franc\AppData\Local\Programs\MiKTeX\tex/latex/pdflscape\pdflscape.sty
Package: pdflscape 2022-10-27 v0.13 Display of landscape pages in PDF

(C:\Users\franc\AppData\Local\Programs\MiKTeX\tex/latex/pdflscape\pdflscape-nom
etadata.sty
Package: pdflscape-nometadata 2022-10-28 v0.13 Display of landscape pages in PD
F (HO)

(C:\Users\franc\AppData\Local\Programs\MiKTeX\tex/latex/graphics\lscape.sty
Package: lscape 2020/05/28 v3.02 Landscape Pages (DPC)
)
Package pdflscape Info: Auto-detected driver: pdftex on input line 81.
))
(guionado.tex)
\openout2 = `Cascaras/cover.aux'.

 (Cascaras/cover.tex
\cambioIzquierdo=\skip89
\cambioDerecho=\skip90
\margenPortada=\skip91
\evensidemarginOriginal=\skip92
\oddsidemarginOriginal=\skip93
\longTitulo=\skip94
<Imagenes/Bitmap/escudoUCMcolor.png, id=171, 600.3228pt x 678.3744pt>
File: Imagenes/Bitmap/escudoUCMcolor.png Graphic file (type png)
<use Imagenes/Bitmap/escudoUCMcolor.png>
Package pdftex.def Info: Imagenes/Bitmap/escudoUCMcolor.png  used on input line
 188.
(pdftex.def)             Requested size: 120.06242pt x 135.67247pt.
\c@lastyear=\count334
 [1



{C:/Users/franc/AppData/Local/MiKTeX/fonts/map/pdftex/pdftex.map} <./Imagenes/B
itmap/escudoUCMcolor.png>] [2] [3])
\openout2 = `Cascaras/dedicatoria.aux'.


(Cascaras/dedicatoria.tex [4




]
LaTeX Font Info:    External font `cmex10' loaded for size
(Font)              <12> on input line 10.
LaTeX Font Info:    External font `cmex10' loaded for size
(Font)              <8> on input line 10.
LaTeX Font Info:    External font `cmex10' loaded for size
(Font)              <6> on input line 10.
) [5]
\openout2 = `Cascaras/agradecimientos.aux'.

 (Cascaras/agradecimientos.tex [6




]) [7]
\openout2 = `Cascaras/resumen.aux'.


(Cascaras/resumen.tex [8




]
Underfull \hbox (badness 10000) in paragraph at lines 5--7

 []


Underfull \hbox (badness 10000) in paragraph at lines 5--7

 []

) [9]
\openout2 = `Cascaras/abstract.aux'.

 (Cascaras/abstract.tex [10




]
Underfull \hbox (badness 10000) in paragraph at lines 6--8

 []


Underfull \hbox (badness 10000) in paragraph at lines 6--8

 []

) [11]
LaTeX Info: Redefining \. on input line 125.
LaTeX Info: Redefining \% on input line 125.
 [12



]
\openout2 = `Capitulos/Introduccion.aux'.

 (Capitulos/Introduccion.tex
Cap\'itulo 1.
LaTeX Font Info:    Trying to load font information for OT1+phv on input line 1
.
(C:\Users\franc\AppData\Local\Programs\MiKTeX\tex/latex/psnfss\ot1phv.fd
File: ot1phv.fd 2020/03/25 scalable font definitions for OT1/phv.
)
LaTeX Font Info:    Trying to load font information for OT1+ptm on input line 1
.

(C:\Users\franc\AppData\Local\Programs\MiKTeX\tex/latex/psnfss\ot1ptm.fd
File: ot1ptm.fd 2001/06/04 font definitions for OT1/ptm.
)
[1


{C:/Users/franc/AppData/Local/Programs/MiKTeX/fonts/enc/dvips/base/8r.enc}]
LaTeX Info: Redefining \. on input line 38.
LaTeX Info: Redefining \% on input line 38.


Package fancyhdr Warning: \headheight is too small (14.0pt): 
(fancyhdr)                Make it at least 14.49998pt, for example:
(fancyhdr)                \setlength{\headheight}{14.49998pt}.
(fancyhdr)                You might also make \topmargin smaller:
(fancyhdr)                \addtolength{\topmargin}{-0.49998pt}.

[2]
<Imagenes/TabladeGantt.png, id=248, 361.85187pt x 236.885pt>
File: Imagenes/TabladeGantt.png Graphic file (type png)
<use Imagenes/TabladeGantt.png>
Package pdftex.def Info: Imagenes/TabladeGantt.png  used on input line 49.
(pdftex.def)             Requested size: 426.79135pt x 279.40259pt.


LaTeX Warning: `h' float specifier changed to `ht'.

)
LaTeX Info: Redefining \. on input line 140.
LaTeX Info: Redefining \% on input line 140.


Package fancyhdr Warning: \headheight is too small (14.0pt): 
(fancyhdr)                Make it at least 14.49998pt, for example:
(fancyhdr)                \setlength{\headheight}{14.49998pt}.
(fancyhdr)                You might also make \topmargin smaller:
(fancyhdr)                \addtolength{\topmargin}{-0.49998pt}.

[3]
LaTeX Info: Redefining \. on input line 140.
LaTeX Info: Redefining \% on input line 140.


Package fancyhdr Warning: \headheight is too small (14.0pt): 
(fancyhdr)                Make it at least 14.49998pt, for example:
(fancyhdr)                \setlength{\headheight}{14.49998pt}.
(fancyhdr)                You might also make \topmargin smaller:
(fancyhdr)                \addtolength{\topmargin}{-0.49998pt}.

[4 <./Imagenes/TabladeGantt.png>]
\openout2 = `Capitulos/EstadoDeLaCuestion.aux'.

 (Capitulos/EstadoDeLaCuestion.tex
Cap\'itulo 2.

Underfull \hbox (badness 10000) in paragraph at lines 3--6

 []


Underfull \hbox (badness 10000) in paragraph at lines 8--11

 []


Underfull \hbox (badness 10000) in paragraph at lines 13--14

 []

[5




]
Underfull \hbox (badness 10000) in paragraph at lines 17--18

 []


Underfull \hbox (badness 10000) in paragraph at lines 21--22

 []


Underfull \hbox (badness 10000) in paragraph at lines 23--24

 []


Underfull \hbox (badness 10000) in paragraph at lines 25--28

 []

<Imagenes/FMS_MsPac-man.png, id=268, 494.44725pt x 333.04425pt>
File: Imagenes/FMS_MsPac-man.png Graphic file (type png)
<use Imagenes/FMS_MsPac-man.png>
Package pdftex.def Info: Imagenes/FMS_MsPac-man.png  used on input line 31.
(pdftex.def)             Requested size: 298.75264pt x 201.23067pt.

LaTeX Warning: `h' float specifier changed to `ht'.

LaTeX Info: Redefining \. on input line 37.
LaTeX Info: Redefining \% on input line 37.

Package fancyhdr Warning: \headheight is too small (14.0pt): 
(fancyhdr)                Make it at least 14.49998pt, for example:
(fancyhdr)                \setlength{\headheight}{14.49998pt}.
(fancyhdr)                You might also make \topmargin smaller:
(fancyhdr)                \addtolength{\topmargin}{-0.49998pt}.

[6]
Underfull \hbox (badness 10000) in paragraph at lines 40--47

 []


Overfull \hbox (70.28333pt too wide) in paragraph at lines 40--47
\T1/cmr/m/n/12 2004)  \T1/cmr/bx/n/12 (\T1/cmr/bx/sc/10.95 Comentario: HA-LO: h
ttps://www.gamedeveloper.com/programming/gdc-
 []


Overfull \hbox (1.43843pt too wide) in paragraph at lines 40--47
\T1/cmr/bx/sc/10.95 2005-proceeding-handling-complexity-in-the-i-halo-2-i-ai Bi
oshock: \T1/cmr/bx/n/12 )
 []

LaTeX Info: Redefining \. on input line 47.
LaTeX Info: Redefining \% on input line 47.

Package fancyhdr Warning: \headheight is too small (14.0pt): 
(fancyhdr)                Make it at least 14.49998pt, for example:
(fancyhdr)                \setlength{\headheight}{14.49998pt}.
(fancyhdr)                You might also make \topmargin smaller:
(fancyhdr)                \addtolength{\topmargin}{-0.49998pt}.

[7 <./Imagenes/FMS_MsPac-man.png>]
LaTeX Font Info:    Trying to load font information for T1+cmtt on input line 5
2.

(C:\Users\franc\AppData\Local\Programs\MiKTeX\tex/latex/base\t1cmtt.fd
File: t1cmtt.fd 2023/04/13 v2.5m Standard LaTeX font definitions
)
<Imagenes/BT_Spoore.png, id=283, 1003.75pt x 348.30125pt>
File: Imagenes/BT_Spoore.png Graphic file (type png)
<use Imagenes/BT_Spoore.png>
Package pdftex.def Info: Imagenes/BT_Spoore.png  used on input line 61.
(pdftex.def)             Requested size: 298.75264pt x 103.6674pt.

Underfull \hbox (badness 10000) in paragraph at lines 67--68

 []


Underfull \vbox (badness 10000) has occurred while \output is active []

LaTeX Info: Redefining \. on input line 82.
LaTeX Info: Redefining \% on input line 82.


Package fancyhdr Warning: \headheight is too small (14.0pt): 
(fancyhdr)                Make it at least 14.49998pt, for example:
(fancyhdr)                \setlength{\headheight}{14.49998pt}.
(fancyhdr)                You might also make \topmargin smaller:
(fancyhdr)                \addtolength{\topmargin}{-0.49998pt}.

[8 <./Imagenes/BT_Spoore.png>])
LaTeX Info: Redefining \. on input line 141.
LaTeX Info: Redefining \% on input line 141.


Package fancyhdr Warning: \headheight is too small (14.0pt): 
(fancyhdr)                Make it at least 14.49998pt, for example:
(fancyhdr)                \setlength{\headheight}{14.49998pt}.
(fancyhdr)                You might also make \topmargin smaller:
(fancyhdr)                \addtolength{\topmargin}{-0.49998pt}.

[9]
\openout2 = `Capitulos/DescripcionTrabajo.aux'.

 (Capitulos/DescripcionTrabajo.tex [10




]
Cap\'itulo 3.

Underfull \hbox (badness 10000) in paragraph at lines 4--6

 []


Underfull \hbox (badness 10000) in paragraph at lines 9--10

 []


Underfull \hbox (badness 10000) in paragraph at lines 15--17

 []

[11]
<Imagenes/EnemigoGeneral.png, id=325, 345.29pt x 255.95625pt>
File: Imagenes/EnemigoGeneral.png Graphic file (type png)
<use Imagenes/EnemigoGeneral.png>
Package pdftex.def Info: Imagenes/EnemigoGeneral.png  used on input line 28.
(pdftex.def)             Requested size: 298.75264pt x 221.4616pt.

Underfull \hbox (badness 10000) in paragraph at lines 34--36

 []

LaTeX Info: Redefining \. on input line 36.
LaTeX Info: Redefining \% on input line 36.

Package fancyhdr Warning: \headheight is too small (14.0pt): 
(fancyhdr)                Make it at least 14.49998pt, for example:
(fancyhdr)                \setlength{\headheight}{14.49998pt}.
(fancyhdr)                You might also make \topmargin smaller:
(fancyhdr)                \addtolength{\topmargin}{-0.49998pt}.

[12 <./Imagenes/EnemigoGeneral.png>]

LaTeX Warning: Reference `fig:TablaCompatibilidad' on page 13 undefined on inpu
t line 47.


Underfull \hbox (badness 10000) in paragraph at lines 53--53
[]|\T1/cmr/bx/n/12 Tipo mo-vi-
 []


Underfull \hbox (badness 10000) in paragraph at lines 55--55
[]|\T1/cmr/m/n/12 Desplazamiento sim-ple
 []


Underfull \hbox (badness 2221) in paragraph at lines 55--55
\T1/cmr/m/n/12 de la-do a la-do en el
 []


Underfull \hbox (badness 10000) in paragraph at lines 57--57
[]|\T1/cmr/m/n/12 Desplazamiento sim-ple
 []


Underfull \hbox (badness 1163) in paragraph at lines 61--61
[]|\T1/cmr/m/n/12 Movimiento ha-
 []


Overfull \hbox (8.12715pt too wide) in paragraph at lines 63--63
[]|\T1/cmr/m/n/12 Circular/Rotación| 
 []


Overfull \hbox (35.77356pt too wide) in paragraph at lines 51--66
 [][] 
 []


LaTeX Warning: `!h' float specifier changed to `!ht'.


LaTeX Warning: `h' float specifier changed to `ht'.


Overfull \hbox (1.56908pt too wide) in paragraph at lines 99--99
[]|\T1/cmr/bx/n/12 Sensor/Emisor| 
 []


Underfull \hbox (badness 1681) in paragraph at lines 107--107
\T1/cmr/m/n/12 sión ha re-ci-bi-do al-gún
 []


Underfull \hbox (badness 2512) in paragraph at lines 109--109
\T1/cmr/m/n/12 es-ta-do de-pen-dien-do de
 []


Underfull \hbox (badness 1817) in paragraph at lines 109--111
[]|\T1/cmr/m/n/12 Struct Es-ta-do Ju-ga-
 []


Underfull \hbox (badness 1810) in paragraph at lines 109--111
\T1/cmr/m/n/12 dor. Ej: di-rec-ción a
 []


Overfull \hbox (35.77356pt too wide) in paragraph at lines 97--115
 [][] 
 []

LaTeX Info: Redefining \. on input line 118.
LaTeX Info: Redefining \% on input line 118.

Package fancyhdr Warning: \headheight is too small (14.0pt): 
(fancyhdr)                Make it at least 14.49998pt, for example:
(fancyhdr)                \setlength{\headheight}{14.49998pt}.
(fancyhdr)                You might also make \topmargin smaller:
(fancyhdr)                \addtolength{\topmargin}{-0.49998pt}.

[13]
LaTeX Info: Redefining \. on input line 123.
LaTeX Info: Redefining \% on input line 123.


Package fancyhdr Warning: \headheight is too small (14.0pt): 
(fancyhdr)                Make it at least 14.49998pt, for example:
(fancyhdr)                \setlength{\headheight}{14.49998pt}.
(fancyhdr)                You might also make \topmargin smaller:
(fancyhdr)                \addtolength{\topmargin}{-0.49998pt}.

[14]
LaTeX Info: Redefining \. on input line 123.
LaTeX Info: Redefining \% on input line 123.


Package fancyhdr Warning: \headheight is too small (14.0pt): 
(fancyhdr)                Make it at least 14.49998pt, for example:
(fancyhdr)                \setlength{\headheight}{14.49998pt}.
(fancyhdr)                You might also make \topmargin smaller:
(fancyhdr)                \addtolength{\topmargin}{-0.49998pt}.

[15]
Underfull \hbox (badness 4303) in paragraph at lines 144--147
[]|\T1/cmr/m/n/12 cantidadDaño (si el
 []


Underfull \hbox (badness 2529) in paragraph at lines 148--149
[]|\T1/cmr/m/n/12 Este ti-po de da-ño se
 []


Underfull \hbox (badness 2573) in paragraph at lines 148--149
\T1/cmr/m/n/12 lu-men de co-li-sión que
 []


Underfull \hbox (badness 10000) in paragraph at lines 150--151
[]|\T1/cmr/m/n/12 ralentización mo-vi-
 []


Underfull \hbox (badness 10000) in paragraph at lines 150--151
\T1/cmr/m/n/12 mien-to, in-me-dia-ta,
 []


Underfull \hbox (badness 4454) in paragraph at lines 154--157
[]|\T1/cmr/m/n/12 cantidadDaño nu-me-
 []


Underfull \hbox (badness 10000) in paragraph at lines 158--159
[]|\T1/cmr/m/n/12 Un enemi-go
 []


Underfull \hbox (badness 3323) in paragraph at lines 158--159
\T1/cmr/m/n/12 con un ata-que
 []


Underfull \hbox (badness 10000) in paragraph at lines 158--159
\T1/cmr/m/n/12 en-ve-ne-nan-te
 []


Underfull \hbox (badness 10000) in paragraph at lines 158--159
\T1/cmr/m/n/12 pue-de in-fli-gir
 []


Underfull \hbox (badness 1107) in paragraph at lines 158--159
\T1/cmr/m/n/12 da-ño pro-gre-si-vo
 []


Underfull \hbox (badness 3158) in paragraph at lines 158--159
\T1/cmr/m/n/12 gun-dos des-pués
 []


Underfull \hbox (badness 10000) in paragraph at lines 158--159
\T1/cmr/m/n/12 de gol-pear al
 []


Overfull \hbox (35.77356pt too wide) in paragraph at lines 138--164
 [][] 
 []


LaTeX Warning: `!h' float specifier changed to `!ht'.


Underfull \hbox (badness 10000) in paragraph at lines 170--173

 []

)
LaTeX Info: Redefining \. on input line 142.
LaTeX Info: Redefining \% on input line 142.


Package fancyhdr Warning: \headheight is too small (14.0pt): 
(fancyhdr)                Make it at least 14.49998pt, for example:
(fancyhdr)                \setlength{\headheight}{14.49998pt}.
(fancyhdr)                You might also make \topmargin smaller:
(fancyhdr)                \addtolength{\topmargin}{-0.49998pt}.

[16]
LaTeX Info: Redefining \. on input line 142.
LaTeX Info: Redefining \% on input line 142.


Package fancyhdr Warning: \headheight is too small (14.0pt): 
(fancyhdr)                Make it at least 14.49998pt, for example:
(fancyhdr)                \setlength{\headheight}{14.49998pt}.
(fancyhdr)                You might also make \topmargin smaller:
(fancyhdr)                \addtolength{\topmargin}{-0.49998pt}.

[17]
\openout2 = `Capitulos/ConclusionesTrabajoFuturo.aux'.

 (Capitulos/ConclusionesTrabajoFuturo.tex [18




]
Cap\'itulo 4.
) [19]
\openout2 = `Capitulos/Introduction.aux'.

 (Capitulos/Introduction.tex [20




]) [21]
\openout2 = `Capitulos/ConclusionsFutureWork.aux'.


(Capitulos/ConclusionsFutureWork.tex [22




]) [23]
LaTeX Info: Redefining \. on input line 153.
LaTeX Info: Redefining \% on input line 153.
\openout2 = `Capitulos/ContribucionesPersonales.aux'.


(Capitulos/ContribucionesPersonales.tex [24




]) [25]
\openout2 = `Cascaras/bibliografia.aux'.

 (Cascaras/bibliografia.tex
(TFGTeXiS.bbl [26




]
LaTeX Font Info:    External font `cmex10' loaded for size
(Font)              <10.95> on input line 1.

Underfull \hbox (badness 10000) in paragraph at lines 39--45
[]\T1/cmr/m/sc/12 Patashnik, O.  \T1/cmr/m/n/12 Build a bad guy workshop.  2014
.
 []


Underfull \hbox (badness 10000) in paragraph at lines 39--45
\T1/cmr/m/n/12 Dis-po-ni-ble en []$\T1/cmtt/m/n/12 https : / / www . gamedevelo
per . com / design /
 []


Underfull \hbox (badness 10000) in paragraph at lines 39--45
\T1/cmtt/m/n/12 build-[]a-[]bad-[]guy-[]workshop-[]-[]-[]designing-[]enemies-[]
for-[]retro-[]games$[] \T1/cmr/m/n/12 (úl-ti-
 []


Underfull \hbox (badness 8189) in paragraph at lines 47--53
[]\T1/cmr/m/sc/12 Thompson, T.  \T1/cmr/m/n/12 The per-fect or-ga-nism: The ai 
of alien: Iso-la-tion.
 []


Underfull \hbox (badness 10000) in paragraph at lines 47--53
\T1/cmr/m/n/12 2017.  Dis-po-ni-ble en []$\T1/cmtt/m/n/12 https : / / www . gam
edeveloper . com / design /
 []


Underfull \hbox (badness 10000) in paragraph at lines 47--53
\T1/cmtt/m/n/12 the-[]perfect-[]organism-[]the-[]ai-[]of-[]alien-[]isolation$[]
 \T1/cmr/m/n/12 (úl-ti-mo ac-ce-so, Ja-
 []

)) [27]
\openout2 = `Apendices/appendixA.aux'.

 (Apendices/appendixA.tex [28




]
Ap\'{e}ndice A.
) [29]
\openout2 = `Apendices/appendixB.aux'.

 (Apendices/appendixB.tex [30




]
Ap\'{e}ndice B.
) [31] [32



]
\openout2 = `Cascaras/fin.aux'.

 (Cascaras/fin.tex [33

] [34]) (TFGTeXiS.aux (Cascaras/cover.aux)
LaTeX Info: Redefining \. on input line 13.
LaTeX Info: Redefining \% on input line 13.

(Cascaras/dedicatoria.aux) (Cascaras/agradecimientos.aux) (Cascaras/resumen.aux
) (Cascaras/abstract.aux)
LaTeX Info: Redefining \. on input line 19.
LaTeX Info: Redefining \% on input line 19.
 (Capitulos/Introduccion.aux)
(Capitulos/EstadoDeLaCuestion.aux) (Capitulos/DescripcionTrabajo.aux)
(Capitulos/ConclusionesTrabajoFuturo.aux) (Capitulos/Introduction.aux)
(Capitulos/ConclusionsFutureWork.aux) (Capitulos/ContribucionesPersonales.aux)
LaTeX Info: Redefining \. on input line 28.
LaTeX Info: Redefining \% on input line 28.

(Cascaras/bibliografia.aux) (Apendices/appendixA.aux) (Apendices/appendixB.aux)
(Cascaras/fin.aux))
 ***********
LaTeX2e <2023-11-01> patch level 1
L3 programming layer <2024-01-04>
 ***********


LaTeX Warning: There were undefined references.

Package rerunfilecheck Info: File `TFGTeXiS.out' has not changed.
(rerunfilecheck)             Checksum: FA85DD3FAAEF8FD40ECC3C2CCE004548;5969.
 ) 
Here is how much of TeX's memory you used:
 18281 strings out of 474485
 305105 string characters out of 5743734
 1951542 words of memory out of 5000000
 39812 multiletter control sequences out of 15000+600000
 578993 words of font info for 72 fonts, out of 8000000 for 9000
 1379 hyphenation exceptions out of 8191
 97i,12n,98p,866b,817s stack positions out of 10000i,1000n,20000p,200000b,200000s
 <C:\Users\franc\AppData\Local\MiKTeX\fonts/pk/ljfour/jknappen/ec/dpi600\ecti
0800.pk> <C:\Users\franc\AppData\Local\MiKTeX\fonts/pk/ljfour/jknappen/ec/dpi60
0\ecrm1095.pk> <C:\Users\franc\AppData\Local\MiKTeX\fonts/pk/ljfour/jknappen/ec
/dpi600\ecti1095.pk> <C:\Users\franc\AppData\Local\MiKTeX\fonts/pk/ljfour/jknap
pen/ec/dpi600\ectt1200.pk> <C:\Users\franc\AppData\Local\MiKTeX\fonts/pk/ljfour
/jknappen/ec/dpi600\ecxc1095.pk> <C:\Users\franc\AppData\Local\MiKTeX\fonts/pk/
ljfour/jknappen/ec/dpi600\ecbx1200.pk> <C:\Users\franc\AppData\Local\MiKTeX\fon
ts/pk/ljfour/jknappen/ec/dpi600\ecrm0800.pk> <C:\Users\franc\AppData\Local\MiKT
eX\fonts/pk/ljfour/jknappen/ec/dpi600\eccc1095.pk> <C:\Users\franc\AppData\Loca
l\MiKTeX\fonts/pk/ljfour/jknappen/ec/dpi600\tcrm1200.pk> <C:\Users\franc\AppDat
a\Local\MiKTeX\fonts/pk/ljfour/jknappen/ec/dpi600\ecrm1200.pk> <C:\Users\franc\
AppData\Local\MiKTeX\fonts/pk/ljfour/jknappen/ec/dpi600\eccc1200.pk> <C:\Users\
franc\AppData\Local\MiKTeX\fonts/pk/ljfour/jknappen/ec/dpi600\ecti1200.pk> <C:\
Users\franc\AppData\Local\MiKTeX\fonts/pk/ljfour/jknappen/ec/dpi600\ecti1440.pk
> <C:\Users\franc\AppData\Local\MiKTeX\fonts/pk/ljfour/jknappen/ec/dpi600\ecrm2
488.pk> <C:\Users\franc\AppData\Local\MiKTeX\fonts/pk/ljfour/jknappen/ec/dpi600
\ecbx1440.pk> <C:\Users\franc\AppData\Local\MiKTeX\fonts/pk/ljfour/jknappen/ec/
dpi600\ecbx1728.pk><C:/Users/franc/AppData/Local/Programs/MiKTeX/fonts/type1/pu
blic/amsfonts/cm/cmmi12.pfb><C:/Users/franc/AppData/Local/Programs/MiKTeX/fonts
/type1/public/amsfonts/cm/cmsy10.pfb><C:/Users/franc/AppData/Local/Programs/MiK
TeX/fonts/type1/urw/helvetic/uhvr8a.pfb><C:/Users/franc/AppData/Local/Programs/
MiKTeX/fonts/type1/urw/times/utmr8a.pfb>
Output written on TFGTeXiS.pdf (46 pages, 904399 bytes).
PDF statistics:
 1072 PDF objects out of 1200 (max. 8388607)
 109 named destinations out of 1000 (max. 500000)
 362 words of extra memory for PDF output out of 10000 (max. 10000000)

