\BOOKMARK [0][-]{titulo.0}{\376\377\000P\000\341\000g\000i\000n\000a\000\040\000d\000e\000\040\000T\000\355\000t\000u\000l\000o}{}% 1
\BOOKMARK [0][-]{indices.0}{\376\377\000\315\000n\000d\000i\000c\000e\000s}{}% 2
\BOOKMARK [1][-]{tabla de contenidos.1}{\376\377\000T\000a\000b\000l\000a\000\040\000d\000e\000\040\000C\000o\000n\000t\000e\000n\000i\000d\000o\000s}{indices.0}% 3
\BOOKMARK [1][-]{indice de figuras.1}{\376\377\000\315\000n\000d\000i\000c\000e\000\040\000d\000e\000\040\000f\000i\000g\000u\000r\000a\000s}{indices.0}% 4
\BOOKMARK [1][-]{indice de tablas.1}{\376\377\000\315\000n\000d\000i\000c\000e\000\040\000d\000e\000\040\000t\000a\000b\000l\000a\000s}{indices.0}% 5
\BOOKMARK [0][-]{chapter.8}{\376\377\000I\000n\000t\000r\000o\000d\000u\000c\000c\000i\000\363\000n}{}% 6
\BOOKMARK [1][-]{section.9}{\376\377\000M\000o\000t\000i\000v\000a\000c\000i\000\363\000n}{chapter.8}% 7
\BOOKMARK [1][-]{section.10}{\376\377\000O\000b\000j\000e\000t\000i\000v\000o\000s}{chapter.8}% 8
\BOOKMARK [1][-]{section.11}{\376\377\000P\000l\000a\000n\000\040\000d\000e\000\040\000t\000r\000a\000b\000a\000j\000o}{chapter.8}% 9
\BOOKMARK [0][-]{chapter.13}{\376\377\000E\000s\000t\000a\000d\000o\000\040\000d\000e\000\040\000l\000a\000\040\000C\000u\000e\000s\000t\000i\000\363\000n}{}% 10
\BOOKMARK [1][-]{section.14}{\376\377\000I\000n\000t\000r\000o\000d\000u\000c\000c\000i\000\363\000n\000\040\000a\000\040\000l\000a\000\040\000I\000n\000t\000e\000l\000i\000g\000e\000n\000c\000i\000a\000\040\000A\000r\000t\000i\000f\000i\000c\000i\000a\000l\000\040\000e\000n\000\040\000v\000i\000d\000e\000o\000j\000u\000e\000g\000o\000s}{chapter.13}% 11
\BOOKMARK [1][-]{section.17}{\376\377\000T\000\351\000c\000n\000i\000c\000a\000s\000\040\000d\000e\000\040\000t\000o\000m\000a\000\040\000d\000e\000\040\000d\000e\000c\000i\000s\000i\000o\000n\000e\000s\000\040\000e\000n\000\040\000N\000P\000C\000`\000s}{chapter.13}% 12
\BOOKMARK [2][-]{subsection.18}{\376\377\000M\000\341\000q\000u\000i\000n\000a\000s\000\040\000d\000e\000\040\000e\000s\000t\000a\000d\000o\000\040\000f\000i\000n\000i\000t\000a\000s}{section.17}% 13
\BOOKMARK [2][-]{subsection.21}{\376\377\000\301\000r\000b\000o\000l\000e\000s\000\040\000d\000e\000\040\000c\000o\000m\000p\000o\000r\000t\000a\000m\000i\000e\000n\000t\000o}{section.17}% 14
\BOOKMARK [2][-]{subsection.24}{\376\377\000G\000o\000a\000l\000-\000O\000r\000i\000e\000n\000t\000e\000d\000\040\000A\000c\000t\000i\000o\000n\000\040\000P\000l\000a\000n\000n\000i\000n\000g}{section.17}% 15
\BOOKMARK [1][-]{section.27}{\376\377\000A\000n\000\341\000l\000i\000s\000i\000s\000\040\000d\000e\000\040\000h\000e\000r\000r\000a\000m\000i\000e\000n\000t\000a\000s}{chapter.13}% 16
\BOOKMARK [2][-]{subsection.28}{\376\377\000B\000e\000h\000a\000v\000i\000o\000r\000\040\000B\000r\000i\000c\000k\000s}{section.27}% 17
\BOOKMARK [2][-]{subsection.32}{\376\377\000P\000l\000a\000y\000M\000a\000k\000e\000r}{section.27}% 18
\BOOKMARK [2][-]{subsection.38}{\376\377\000D\000e\000c\000i\000s\000i\000\363\000n}{section.27}% 19
\BOOKMARK [1][-]{section.39}{\376\377\000M\000o\000t\000o\000r\000e\000s\000\040\000d\000e\000\040\000v\000i\000d\000e\000o\000j\000u\000e\000g\000o\000s}{chapter.13}% 20
\BOOKMARK [2][-]{subsection.40}{\376\377\000U\000n\000i\000t\000y}{section.39}% 21
\BOOKMARK [2][-]{subsection.47}{\376\377\000U\000n\000r\000e\000a\000l\000\040\000E\000n\000g\000i\000n\000e}{section.39}% 22
\BOOKMARK [2][-]{subsection.53}{\376\377\000G\000o\000d\000o\000t}{section.39}% 23
\BOOKMARK [2][-]{subsection.58}{\376\377\000G\000a\000m\000e\000M\000a\000k\000e\000r}{section.39}% 24
\BOOKMARK [1][-]{section.64}{\376\377\000C\000o\000n\000c\000l\000u\000s\000i\000o\000n\000e\000s}{chapter.13}% 25
\BOOKMARK [0][-]{chapter.65}{\376\377\000D\000e\000s\000c\000r\000i\000p\000c\000i\000\363\000n\000\040\000d\000e\000l\000\040\000T\000r\000a\000b\000a\000j\000o}{}% 26
\BOOKMARK [1][-]{section.66}{\376\377\000C\000o\000n\000t\000e\000x\000t\000o}{chapter.65}% 27
\BOOKMARK [2][-]{subsection.67}{\376\377\000E\000n\000e\000m\000i\000g\000o}{section.66}% 28
\BOOKMARK [2][-]{subsection.68}{\376\377\000A\000n\000\341\000l\000i\000s\000i\000s\000\040\000d\000e\000\040\000e\000n\000e\000m\000i\000g\000o\000s\000\040\000e\000n\000\040\000v\000i\000d\000e\000o\000j\000u\000e\000g\000o\000s}{section.66}% 29
\BOOKMARK [2][-]{subsection.69}{\376\377\000I\000d\000e\000n\000t\000i\000f\000i\000c\000a\000c\000i\000\363\000n\000\040\000d\000e\000\040\000c\000o\000m\000p\000o\000r\000t\000a\000m\000i\000e\000n\000t\000o\000s\000\040\000c\000o\000m\000u\000n\000e\000s}{section.66}% 30
\BOOKMARK [1][-]{section.70}{\376\377\000C\000o\000m\000p\000o\000s\000i\000c\000i\000\363\000n}{chapter.65}% 31
\BOOKMARK [2][-]{subsection.71}{\376\377\000M\000\341\000q\000u\000i\000n\000a\000\040\000d\000e\000\040\000e\000s\000t\000a\000d\000o\000s\000\040\000f\000i\000n\000i\000t\000a}{section.70}% 32
\BOOKMARK [2][-]{subsection.73}{\376\377\000E\000s\000t\000a\000d\000o}{section.70}% 33
\BOOKMARK [2][-]{subsection.74}{\376\377\000A\000c\000t\000u\000a\000d\000o\000r\000e\000s\000\040\000\050\000A\000c\000c\000i\000o\000n\000e\000s\000\051}{section.70}% 34
\BOOKMARK [2][-]{subsection.79}{\376\377\000S\000e\000n\000s\000o\000r\000e\000s\000\040\000y\000\040\000E\000m\000i\000s\000o\000r\000e\000s}{section.70}% 35
\BOOKMARK [2][-]{subsection.80}{\376\377\000D\000a\000\361\000o}{section.70}% 36
\BOOKMARK [0][-]{chapter.81}{\376\377\000I\000m\000p\000l\000e\000m\000e\000n\000t\000a\000c\000i\000\363\000n}{}% 37
\BOOKMARK [1][-]{section.82}{\376\377\000T\000e\000c\000n\000o\000l\000o\000g\000\355\000a\000\040\000u\000t\000i\000l\000i\000z\000a\000d\000a}{chapter.81}% 38
\BOOKMARK [1][-]{section.83}{\376\377\000A\000c\000t\000u\000a\000t\000o\000r}{chapter.81}% 39
\BOOKMARK [2][-]{subsection.84}{\376\377\000M\000o\000v\000e\000m\000e\000n\000t\000A\000c\000t\000u\000a\000t\000o\000r}{section.83}% 40
\BOOKMARK [2][-]{subsection.92}{\376\377\000S\000p\000a\000w\000n\000e\000r\000A\000c\000t\000u\000a\000t\000o\000r}{section.83}% 41
\BOOKMARK [1][-]{section.93}{\376\377\000S\000e\000n\000s\000o\000r\000s\000\040\000a\000n\000d\000\040\000E\000m\000i\000t\000t\000e\000r\000s}{chapter.81}% 42
\BOOKMARK [2][-]{subsection.94}{\376\377\000S\000e\000n\000s\000o\000r}{section.93}% 43
\BOOKMARK [2][-]{subsection.101}{\376\377\000D\000a\000m\000a\000g\000e\000E\000m\000i\000t\000t\000e\000r}{section.93}% 44
\BOOKMARK [1][-]{section.102}{\376\377\000M\000\341\000q\000u\000i\000n\000a\000\040\000d\000e\000\040\000E\000s\000t\000a\000d\000o\000s\000\040\000F\000i\000n\000i\000t\000a}{chapter.81}% 45
\BOOKMARK [2][-]{subsection.103}{\376\377\000T\000r\000a\000n\000s\000i\000t\000i\000o\000n}{section.102}% 46
\BOOKMARK [2][-]{subsection.104}{\376\377\000S\000t\000a\000t\000e}{section.102}% 47
\BOOKMARK [1][-]{section.105}{\376\377\000A\000n\000i\000m\000a\000t\000i\000o\000n\000s}{chapter.81}% 48
\BOOKMARK [1][-]{section.106}{\376\377\000J\000u\000g\000a\000d\000o\000r}{chapter.81}% 49
\BOOKMARK [2][-]{subsection.108}{\376\377\000P\000l\000a\000y\000e\000r\000M\000o\000v\000e\000m\000e\000n\000t}{section.106}% 50
\BOOKMARK [2][-]{subsection.109}{\376\377\000P\000l\000a\000y\000e\000r\000C\000o\000l\000l\000i\000s\000i\000o\000n\000D\000e\000t\000e\000c\000t\000i\000o\000n}{section.106}% 51
\BOOKMARK [2][-]{subsection.111}{\376\377\000P\000l\000a\000y\000e\000r\000J\000u\000m\000p}{section.106}% 52
\BOOKMARK [2][-]{subsection.112}{\376\377\000L\000i\000f\000e}{section.106}% 53
\BOOKMARK [2][-]{subsection.113}{\376\377\000P\000l\000a\000y\000e\000r\000D\000i\000s\000t\000a\000n\000c\000e\000A\000t\000t\000a\000c\000k}{section.106}% 54
\BOOKMARK [0][-]{chapter.114}{\376\377\000E\000v\000a\000l\000u\000a\000c\000i\000o\000n\000\040\000C\000o\000n\000\040\000U\000s\000u\000a\000r\000i\000o\000s}{}% 55
\BOOKMARK [1][-]{section.115}{\376\377\000O\000b\000j\000e\000t\000i\000v\000o\000s\000\040\000y\000\040\000p\000r\000e\000g\000u\000n\000t\000a\000s\000\040\000d\000e\000\040\000i\000n\000v\000e\000s\000t\000i\000g\000a\000c\000i\000\363\000n}{chapter.114}% 56
\BOOKMARK [2][-]{subsection.116}{\376\377\000\277\000R\000e\000s\000u\000l\000t\000a\000\040\000i\000n\000t\000u\000i\000t\000i\000v\000a\000\040\000y\000\040\000c\000l\000a\000r\000a\000\040\000l\000a\000\040\000h\000e\000r\000r\000a\000m\000i\000e\000n\000t\000a\000\040\000p\000a\000r\000a\000\040\000e\000l\000\040\000u\000s\000u\000a\000r\000i\000o\000?}{section.115}% 57
\BOOKMARK [2][-]{subsection.121}{\376\377\000\277\000E\000l\000\040\000s\000i\000s\000t\000e\000m\000a\000\040\000d\000e\000\040\000c\000r\000e\000a\000c\000i\000\363\000n\000\040\000d\000e\000\040\000e\000n\000e\000m\000i\000g\000o\000s\000\040\000d\000e\000m\000u\000e\000s\000t\000r\000a\000\040\000s\000e\000r\000\040\000f\000u\000n\000c\000i\000o\000n\000a\000l\000?}{section.115}% 58
\BOOKMARK [1][-]{section.125}{\376\377\000D\000i\000s\000e\000\361\000o\000\040\000d\000e\000\040\000l\000a\000\040\000E\000v\000a\000l\000u\000a\000c\000i\000\363\000n}{chapter.114}% 59
\BOOKMARK [2][-]{subsection.126}{\376\377\000A\000u\000d\000i\000e\000n\000c\000i\000a\000\040\000O\000b\000j\000e\000t\000i\000v\000o}{section.125}% 60
\BOOKMARK [2][-]{subsection.127}{\376\377\000D\000u\000r\000a\000c\000i\000\363\000n\000\040\000y\000\040\000E\000n\000t\000o\000r\000n\000o\000\040\000d\000e\000\040\000R\000e\000a\000l\000i\000z\000a\000c\000i\000\363\000n}{section.125}% 61
\BOOKMARK [2][-]{subsection.128}{\376\377\000D\000e\000s\000c\000r\000i\000p\000c\000i\000\363\000n\000\040\000d\000e\000\040\000T\000a\000r\000e\000a\000s\000\040\000d\000e\000l\000\040\000P\000r\000o\000b\000a\000d\000o\000r}{section.125}% 62
\BOOKMARK [2][-]{subsection.129}{\376\377\000I\000n\000s\000t\000r\000u\000c\000c\000i\000o\000n\000e\000s\000\040\000I\000n\000i\000c\000i\000a\000l\000e\000s}{section.125}% 63
\BOOKMARK [2][-]{subsection.130}{\376\377\000C\000o\000m\000p\000o\000r\000t\000a\000m\000i\000e\000n\000t\000o\000\040\000d\000e\000l\000\040\000I\000n\000v\000e\000s\000t\000i\000g\000a\000d\000o\000r}{section.125}% 64
\BOOKMARK [2][-]{subsection.131}{\376\377\000D\000i\000s\000e\000\361\000o\000\040\000d\000e\000\040\000l\000a\000\040\000e\000v\000a\000l\000u\000a\000c\000i\000\363\000n}{section.125}% 65
\BOOKMARK [2][-]{subsection.145}{\376\377\000P\000r\000e\000p\000a\000r\000a\000c\000i\000\363\000n\000\040\000d\000e\000\040\000l\000a\000\040\000E\000j\000e\000c\000u\000c\000i\000\363\000n}{section.125}% 66
\BOOKMARK [0][-]{chapter.146}{\376\377\000C\000o\000n\000c\000l\000u\000s\000i\000o\000n\000e\000s\000\040\000y\000\040\000T\000r\000a\000b\000a\000j\000o\000\040\000F\000u\000t\000u\000r\000o}{}% 67
\BOOKMARK [1][-]{section.148}{\376\377\000M\000o\000t\000i\000v\000a\000t\000i\000o\000n}{chapter.146}% 68
\BOOKMARK [1][-]{section.149}{\376\377\000O\000b\000j\000e\000c\000t\000i\000v\000e\000s}{chapter.146}% 69
\BOOKMARK [1][-]{section.150}{\376\377\000W\000o\000r\000k\000\040\000P\000l\000a\000n}{chapter.146}% 70
\BOOKMARK [0][-]{chapter*.151}{\376\377\000C\000o\000n\000c\000l\000u\000s\000i\000o\000n\000s\000\040\000a\000n\000d\000\040\000F\000u\000t\000u\000r\000e\000\040\000W\000o\000r\000k}{}% 71
\BOOKMARK [0][-]{chapter*.152}{\376\377\000C\000o\000n\000t\000r\000i\000b\000u\000c\000i\000o\000n\000e\000s\000\040\000P\000e\000r\000s\000o\000n\000a\000l\000e\000s}{}% 72
\BOOKMARK [0][-]{chapter*.153}{\376\377\000B\000i\000b\000l\000i\000o\000g\000r\000a\000f\000\355\000a}{}% 73
\BOOKMARK [0][-]{fin.0}{\376\377\000F\000i\000n}{}% 74
